{"/Users/benmeeker/benmeeker/src/App.tsx": {"path":"/Users/benmeeker/benmeeker/src/App.tsx","statementMap":{"0":{"start":{"line":8,"column":2},"end":{"line":17,"column":null}}},"fnMap":{"0":{"name":"App","decl":{"start":{"line":7,"column":9},"end":{"line":7,"column":15}},"loc":{"start":{"line":7,"column":15},"end":{"line":19,"column":null}},"line":7}},"branchMap":{},"s":{"0":1},"f":{"0":1},"b":{},"meta":{"lastBranch":0,"lastFunction":1,"lastStatement":1,"seen":{"f:7:9:7:15":0,"s:8:2:17:Infinity":0}}}
,"/Users/benmeeker/benmeeker/src/components/Button/Button.css": {"path":"/Users/benmeeker/benmeeker/src/components/Button/Button.css","statementMap":{},"fnMap":{},"branchMap":{},"s":{},"f":{},"b":{},"meta":{"lastBranch":0,"lastFunction":0,"lastStatement":0,"seen":{}}}
,"/Users/benmeeker/benmeeker/src/components/Button/Button.tsx": {"path":"/Users/benmeeker/benmeeker/src/components/Button/Button.tsx","statementMap":{"0":{"start":{"line":11,"column":45},"end":{"line":36,"column":null}},"1":{"start":{"line":20,"column":18},"end":{"line":29,"column":null}},"2":{"start":{"line":31,"column":2},"end":{"line":34,"column":null}}},"fnMap":{"0":{"name":"(anonymous_0)","decl":{"start":{"line":11,"column":45},"end":{"line":11,"column":46}},"loc":{"start":{"line":19,"column":6},"end":{"line":36,"column":null}},"line":19}},"branchMap":{"0":{"loc":{"start":{"line":12,"column":2},"end":{"line":12,"column":null}},"type":"default-arg","locations":[{"start":{"line":12,"column":12},"end":{"line":12,"column":null}}],"line":12},"1":{"loc":{"start":{"line":13,"column":2},"end":{"line":13,"column":null}},"type":"default-arg","locations":[{"start":{"line":13,"column":9},"end":{"line":13,"column":null}}],"line":13},"2":{"loc":{"start":{"line":14,"column":2},"end":{"line":14,"column":null}},"type":"default-arg","locations":[{"start":{"line":14,"column":14},"end":{"line":14,"column":null}}],"line":14},"3":{"loc":{"start":{"line":15,"column":2},"end":{"line":15,"column":null}},"type":"default-arg","locations":[{"start":{"line":15,"column":14},"end":{"line":15,"column":null}}],"line":15},"4":{"loc":{"start":{"line":24,"column":4},"end":{"line":24,"column":null}},"type":"binary-expr","locations":[{"start":{"line":24,"column":4},"end":{"line":24,"column":17}},{"start":{"line":24,"column":17},"end":{"line":24,"column":null}}],"line":24},"5":{"loc":{"start":{"line":25,"column":4},"end":{"line":25,"column":null}},"type":"binary-expr","locations":[{"start":{"line":25,"column":4},"end":{"line":25,"column":16}},{"start":{"line":25,"column":16},"end":{"line":25,"column":null}}],"line":25}},"s":{"0":2,"1":11,"2":11},"f":{"0":11},"b":{"0":[11],"1":[11],"2":[11],"3":[11],"4":[11,1],"5":[11,1]},"meta":{"lastBranch":6,"lastFunction":1,"lastStatement":3,"seen":{"s:11:45:36:Infinity":0,"f:11:45:11:46":0,"b:12:12:12:Infinity":0,"b:13:9:13:Infinity":1,"b:14:14:14:Infinity":2,"b:15:14:15:Infinity":3,"s:20:18:29:Infinity":1,"b:24:4:24:17:24:17:24:Infinity":4,"b:25:4:25:16:25:16:25:Infinity":5,"s:31:2:34:Infinity":2}}}
,"/Users/benmeeker/benmeeker/src/components/Button/index.ts": {"path":"/Users/benmeeker/benmeeker/src/components/Button/index.ts","statementMap":{},"fnMap":{},"branchMap":{},"s":{},"f":{},"b":{},"meta":{"lastBranch":0,"lastFunction":0,"lastStatement":0,"seen":{}}}
,"/Users/benmeeker/benmeeker/src/components/Card/Card.css": {"path":"/Users/benmeeker/benmeeker/src/components/Card/Card.css","statementMap":{},"fnMap":{},"branchMap":{},"s":{},"f":{},"b":{},"meta":{"lastBranch":0,"lastFunction":0,"lastStatement":0,"seen":{}}}
,"/Users/benmeeker/benmeeker/src/components/Card/Card.tsx": {"path":"/Users/benmeeker/benmeeker/src/components/Card/Card.tsx","statementMap":{"0":{"start":{"line":11,"column":41},"end":{"line":27,"column":null}},"1":{"start":{"line":17,"column":18},"end":{"line":24,"column":null}},"2":{"start":{"line":26,"column":2},"end":{"line":26,"column":null}}},"fnMap":{"0":{"name":"(anonymous_0)","decl":{"start":{"line":11,"column":41},"end":{"line":11,"column":42}},"loc":{"start":{"line":16,"column":6},"end":{"line":27,"column":null}},"line":16}},"branchMap":{"0":{"loc":{"start":{"line":13,"column":2},"end":{"line":13,"column":null}},"type":"default-arg","locations":[{"start":{"line":13,"column":12},"end":{"line":13,"column":null}}],"line":13},"1":{"loc":{"start":{"line":14,"column":2},"end":{"line":14,"column":null}},"type":"default-arg","locations":[{"start":{"line":14,"column":12},"end":{"line":14,"column":null}}],"line":14},"2":{"loc":{"start":{"line":15,"column":2},"end":{"line":15,"column":null}},"type":"default-arg","locations":[{"start":{"line":15,"column":14},"end":{"line":15,"column":null}}],"line":15}},"s":{"0":1,"1":4,"2":4},"f":{"0":4},"b":{"0":[4],"1":[4],"2":[4]},"meta":{"lastBranch":3,"lastFunction":1,"lastStatement":3,"seen":{"s:11:41:27:Infinity":0,"f:11:41:11:42":0,"b:13:12:13:Infinity":0,"b:14:12:14:Infinity":1,"b:15:14:15:Infinity":2,"s:17:18:24:Infinity":1,"s:26:2:26:Infinity":2}}}
,"/Users/benmeeker/benmeeker/src/components/Card/index.ts": {"path":"/Users/benmeeker/benmeeker/src/components/Card/index.ts","statementMap":{},"fnMap":{},"branchMap":{},"s":{},"f":{},"b":{},"meta":{"lastBranch":0,"lastFunction":0,"lastStatement":0,"seen":{}}}
,"/Users/benmeeker/benmeeker/src/components/Layout/Footer.css": {"path":"/Users/benmeeker/benmeeker/src/components/Layout/Footer.css","statementMap":{},"fnMap":{},"branchMap":{},"s":{},"f":{},"b":{},"meta":{"lastBranch":0,"lastFunction":0,"lastStatement":0,"seen":{}}}
,"/Users/benmeeker/benmeeker/src/components/Layout/Footer.tsx": {"path":"/Users/benmeeker/benmeeker/src/components/Layout/Footer.tsx","statementMap":{"0":{"start":{"line":4,"column":32},"end":{"line":46,"column":null}},"1":{"start":{"line":5,"column":8},"end":{"line":5,"column":null}},"2":{"start":{"line":7,"column":2},"end":{"line":44,"column":null}}},"fnMap":{"0":{"name":"(anonymous_0)","decl":{"start":{"line":4,"column":32},"end":{"line":4,"column":38}},"loc":{"start":{"line":4,"column":38},"end":{"line":46,"column":null}},"line":4}},"branchMap":{},"s":{"0":1,"1":1,"2":1},"f":{"0":1},"b":{},"meta":{"lastBranch":0,"lastFunction":1,"lastStatement":3,"seen":{"s:4:32:46:Infinity":0,"f:4:32:4:38":0,"s:5:8:5:Infinity":1,"s:7:2:44:Infinity":2}}}
,"/Users/benmeeker/benmeeker/src/components/Layout/Header.css": {"path":"/Users/benmeeker/benmeeker/src/components/Layout/Header.css","statementMap":{},"fnMap":{},"branchMap":{},"s":{},"f":{},"b":{},"meta":{"lastBranch":0,"lastFunction":0,"lastStatement":0,"seen":{}}}
,"/Users/benmeeker/benmeeker/src/components/Layout/Header.tsx": {"path":"/Users/benmeeker/benmeeker/src/components/Layout/Header.tsx","statementMap":{"0":{"start":{"line":5,"column":32},"end":{"line":40,"column":null}},"1":{"start":{"line":6,"column":8},"end":{"line":6,"column":null}},"2":{"start":{"line":8,"column":19},"end":{"line":12,"column":null}},"3":{"start":{"line":14,"column":2},"end":{"line":38,"column":null}},"4":{"start":{"line":24,"column":14},"end":{"line":33,"column":null}}},"fnMap":{"0":{"name":"(anonymous_0)","decl":{"start":{"line":5,"column":32},"end":{"line":5,"column":38}},"loc":{"start":{"line":5,"column":38},"end":{"line":40,"column":null}},"line":5},"1":{"name":"(anonymous_1)","decl":{"start":{"line":23,"column":26},"end":{"line":23,"column":27}},"loc":{"start":{"line":24,"column":14},"end":{"line":33,"column":null}},"line":24}},"branchMap":{"0":{"loc":{"start":{"line":28,"column":20},"end":{"line":28,"column":null}},"type":"cond-expr","locations":[{"start":{"line":28,"column":54},"end":{"line":28,"column":83}},{"start":{"line":28,"column":83},"end":{"line":28,"column":null}}],"line":28}},"s":{"0":1,"1":1,"2":1,"3":1,"4":3},"f":{"0":1,"1":3},"b":{"0":[1,2]},"meta":{"lastBranch":1,"lastFunction":2,"lastStatement":5,"seen":{"s:5:32:40:Infinity":0,"f:5:32:5:38":0,"s:6:8:6:Infinity":1,"s:8:19:12:Infinity":2,"s:14:2:38:Infinity":3,"f:23:26:23:27":1,"s:24:14:33:Infinity":4,"b:28:54:28:83:28:83:28:Infinity":0}}}
,"/Users/benmeeker/benmeeker/src/components/Layout/Layout.css": {"path":"/Users/benmeeker/benmeeker/src/components/Layout/Layout.css","statementMap":{},"fnMap":{},"branchMap":{},"s":{},"f":{},"b":{},"meta":{"lastBranch":0,"lastFunction":0,"lastStatement":0,"seen":{}}}
,"/Users/benmeeker/benmeeker/src/components/Layout/Layout.tsx": {"path":"/Users/benmeeker/benmeeker/src/components/Layout/Layout.tsx","statementMap":{"0":{"start":{"line":10,"column":45},"end":{"line":18,"column":null}},"1":{"start":{"line":11,"column":2},"end":{"line":16,"column":null}}},"fnMap":{"0":{"name":"(anonymous_0)","decl":{"start":{"line":10,"column":45},"end":{"line":10,"column":46}},"loc":{"start":{"line":10,"column":63},"end":{"line":18,"column":null}},"line":10}},"branchMap":{},"s":{"0":1,"1":1},"f":{"0":1},"b":{},"meta":{"lastBranch":0,"lastFunction":1,"lastStatement":2,"seen":{"s:10:45:18:Infinity":0,"f:10:45:10:46":0,"s:11:2:16:Infinity":1}}}
,"/Users/benmeeker/benmeeker/src/components/Layout/index.ts": {"path":"/Users/benmeeker/benmeeker/src/components/Layout/index.ts","statementMap":{},"fnMap":{},"branchMap":{},"s":{},"f":{},"b":{},"meta":{"lastBranch":0,"lastFunction":0,"lastStatement":0,"seen":{}}}
,"/Users/benmeeker/benmeeker/src/pages/Home/Home.css": {"path":"/Users/benmeeker/benmeeker/src/pages/Home/Home.css","statementMap":{},"fnMap":{},"branchMap":{},"s":{},"f":{},"b":{},"meta":{"lastBranch":0,"lastFunction":0,"lastStatement":0,"seen":{}}}
,"/Users/benmeeker/benmeeker/src/pages/Home/Home.tsx": {"path":"/Users/benmeeker/benmeeker/src/pages/Home/Home.tsx","statementMap":{"0":{"start":{"line":7,"column":30},"end":{"line":89,"column":null}},"1":{"start":{"line":8,"column":2},"end":{"line":87,"column":null}}},"fnMap":{"0":{"name":"(anonymous_0)","decl":{"start":{"line":7,"column":30},"end":{"line":7,"column":36}},"loc":{"start":{"line":7,"column":36},"end":{"line":89,"column":null}},"line":7}},"branchMap":{},"s":{"0":1,"1":1},"f":{"0":1},"b":{},"meta":{"lastBranch":0,"lastFunction":1,"lastStatement":2,"seen":{"s:7:30:89:Infinity":0,"f:7:30:7:36":0,"s:8:2:87:Infinity":1}}}
,"/Users/benmeeker/benmeeker/src/pages/Home/index.ts": {"path":"/Users/benmeeker/benmeeker/src/pages/Home/index.ts","statementMap":{},"fnMap":{},"branchMap":{},"s":{},"f":{},"b":{},"meta":{"lastBranch":0,"lastFunction":0,"lastStatement":0,"seen":{}}}
,"/Users/benmeeker/benmeeker/src/pages/Library/Library.css": {"path":"/Users/benmeeker/benmeeker/src/pages/Library/Library.css","statementMap":{},"fnMap":{},"branchMap":{},"s":{},"f":{},"b":{},"meta":{"lastBranch":0,"lastFunction":0,"lastStatement":0,"seen":{}}}
,"/Users/benmeeker/benmeeker/src/pages/Library/Library.tsx": {"path":"/Users/benmeeker/benmeeker/src/pages/Library/Library.tsx","statementMap":{"0":{"start":{"line":5,"column":33},"end":{"line":72,"column":null}},"1":{"start":{"line":7,"column":23},"end":{"line":29,"column":null}},"2":{"start":{"line":31,"column":21},"end":{"line":31,"column":null}},"3":{"start":{"line":33,"column":2},"end":{"line":70,"column":null}},"4":{"start":{"line":46,"column":12},"end":{"line":53,"column":null}},"5":{"start":{"line":59,"column":12},"end":{"line":66,"column":null}}},"fnMap":{"0":{"name":"(anonymous_0)","decl":{"start":{"line":5,"column":33},"end":{"line":5,"column":39}},"loc":{"start":{"line":5,"column":39},"end":{"line":72,"column":null}},"line":5},"1":{"name":"(anonymous_1)","decl":{"start":{"line":45,"column":26},"end":{"line":45,"column":27}},"loc":{"start":{"line":46,"column":12},"end":{"line":53,"column":null}},"line":46},"2":{"name":"(anonymous_2)","decl":{"start":{"line":58,"column":28},"end":{"line":58,"column":29}},"loc":{"start":{"line":59,"column":12},"end":{"line":66,"column":null}},"line":59}},"branchMap":{"0":{"loc":{"start":{"line":49,"column":16},"end":{"line":49,"column":null}},"type":"cond-expr","locations":[{"start":{"line":49,"column":37},"end":{"line":49,"column":65}},{"start":{"line":49,"column":65},"end":{"line":49,"column":null}}],"line":49}},"s":{"0":1,"1":0,"2":0,"3":0,"4":0,"5":0},"f":{"0":0,"1":0,"2":0},"b":{"0":[0,0]},"meta":{"lastBranch":1,"lastFunction":3,"lastStatement":6,"seen":{"s:5:33:72:Infinity":0,"f:5:33:5:39":0,"s:7:23:29:Infinity":1,"s:31:21:31:Infinity":2,"s:33:2:70:Infinity":3,"f:45:26:45:27":1,"s:46:12:53:Infinity":4,"b:49:37:49:65:49:65:49:Infinity":0,"f:58:28:58:29":2,"s:59:12:66:Infinity":5}}}
,"/Users/benmeeker/benmeeker/src/pages/Library/index.ts": {"path":"/Users/benmeeker/benmeeker/src/pages/Library/index.ts","statementMap":{},"fnMap":{},"branchMap":{},"s":{},"f":{},"b":{},"meta":{"lastBranch":0,"lastFunction":0,"lastStatement":0,"seen":{}}}
,"/Users/benmeeker/benmeeker/src/pages/Projects/Projects.css": {"path":"/Users/benmeeker/benmeeker/src/pages/Projects/Projects.css","statementMap":{},"fnMap":{},"branchMap":{},"s":{},"f":{},"b":{},"meta":{"lastBranch":0,"lastFunction":0,"lastStatement":0,"seen":{}}}
,"/Users/benmeeker/benmeeker/src/pages/Projects/Projects.tsx": {"path":"/Users/benmeeker/benmeeker/src/pages/Projects/Projects.tsx","statementMap":{"0":{"start":{"line":6,"column":34},"end":{"line":79,"column":null}},"1":{"start":{"line":8,"column":19},"end":{"line":36,"column":null}},"2":{"start":{"line":38,"column":2},"end":{"line":77,"column":null}},"3":{"start":{"line":51,"column":12},"end":{"line":73,"column":null}},"4":{"start":{"line":58,"column":20},"end":{"line":60,"column":null}}},"fnMap":{"0":{"name":"(anonymous_0)","decl":{"start":{"line":6,"column":34},"end":{"line":6,"column":40}},"loc":{"start":{"line":6,"column":40},"end":{"line":79,"column":null}},"line":6},"1":{"name":"(anonymous_1)","decl":{"start":{"line":50,"column":24},"end":{"line":50,"column":25}},"loc":{"start":{"line":51,"column":12},"end":{"line":73,"column":null}},"line":51},"2":{"name":"(anonymous_2)","decl":{"start":{"line":57,"column":36},"end":{"line":57,"column":37}},"loc":{"start":{"line":58,"column":20},"end":{"line":60,"column":null}},"line":58}},"branchMap":{},"s":{"0":1,"1":0,"2":0,"3":0,"4":0},"f":{"0":0,"1":0,"2":0},"b":{},"meta":{"lastBranch":0,"lastFunction":3,"lastStatement":5,"seen":{"s:6:34:79:Infinity":0,"f:6:34:6:40":0,"s:8:19:36:Infinity":1,"s:38:2:77:Infinity":2,"f:50:24:50:25":1,"s:51:12:73:Infinity":3,"f:57:36:57:37":2,"s:58:20:60:Infinity":4}}}
,"/Users/benmeeker/benmeeker/src/pages/Projects/index.ts": {"path":"/Users/benmeeker/benmeeker/src/pages/Projects/index.ts","statementMap":{},"fnMap":{},"branchMap":{},"s":{},"f":{},"b":{},"meta":{"lastBranch":0,"lastFunction":0,"lastStatement":0,"seen":{}}}
}
